============================================
 Eternal Bug Bounty Recon — Tue Mar 17 20:11:43 EDT 2026
============================================

[*] STEP 1: Subdomain Enumeration
--------------------------------------------
[+] Running subfinder on zomato.com...
    Found:      243 subdomains
[+] Running subfinder on zomans.com...
    Found:      431 subdomains
[+] Running subfinder on runnr.in...
    Found:      114 subdomains
[+] Running subfinder on blinkit.com...
    Found:       42 subdomains
[+] Running subfinder on hyperpure.com...
    Found:       39 subdomains
[+] Running subfinder on grofers.com...
    Found:      120 subdomains
[+] Running subfinder on grofer.io...
    Found:      108 subdomains
[+] Running subfinder on district.in...
    Found:       33 subdomains
[+] Running subfinder on insider.in...
    Found:      227 subdomains
[+] Running subfinder on ticketnew.com...
    Found:       71 subdomains
[+] Running subfinder on eternal.com...
    Found:       15 subdomains
[+] Running subfinder on edition.in...
    Found:       26 subdomains
