============================================
 Eternal Bug Bounty Recon — Tue Mar 17 19:39:42 EDT 2026
============================================

[*] STEP 1: Subdomain Enumeration
--------------------------------------------
[+] Running subfinder on zomato.com...
    Found:      111 subdomains
[+] Running subfinder on zomans.com...
    Found:      202 subdomains
[+] Running subfinder on runnr.in...
    Found:       38 subdomains
[+] Running subfinder on blinkit.com...
    Found:       14 subdomains
[+] Running subfinder on hyperpure.com...
    Found:       13 subdomains
[+] Running subfinder on grofers.com...
    Found:       44 subdomains
[+] Running subfinder on grofer.io...
    Found:       41 subdomains
[+] Running subfinder on district.in...
    Found:       12 subdomains
[+] Running subfinder on insider.in...
    Found:       95 subdomains
[+] Running subfinder on ticketnew.com...
    Found:       27 subdomains
[+] Running subfinder on eternal.com...
    Found:        5 subdomains
[+] Running subfinder on edition.in...
    Found:       18 subdomains

[✓] Total unique subdomains:      620

[*] STEP 2: Probing Live Hosts
--------------------------------------------
[✓] Live hosts found:      146

[*] STEP 3: Subdomain Takeover Detection
--------------------------------------------
[+] Running nuclei takeover templates...
[✓] Potential takeovers:        0

[*] STEP 4: S3 Bucket Enumeration (Cloud Campaign)
--------------------------------------------
[!] BUCKET HIT: zomato (HTTP 403)
[!] BUCKET HIT: blinkit (HTTP 403)
[!] BUCKET HIT: hyperpure (HTTP 403)
[!] BUCKET HIT: grofers (HTTP 403)
[!] BUCKET HIT: runnr (HTTP 403)
[!] BUCKET HIT: district (HTTP 403)
[!] BUCKET HIT: zomato-assets (HTTP 403)
[!] BUCKET HIT: zomato-backup (HTTP 403)
[!] BUCKET HIT: zomato-logs (HTTP 403)
[!] BUCKET HIT: zomato-prod (HTTP 403)
[!] BUCKET HIT: zomato-data (HTTP 403)
[!] BUCKET HIT: zomato-images (HTTP 403)
[!] BUCKET HIT: blinkit-data (HTTP 403)
[!] BUCKET HIT: eternal-media (HTTP 403)
[✓] S3 bucket hits:       14

[*] STEP 5: JS File Extraction
--------------------------------------------
[✓] JS files found:        0

[*] STEP 6: Nuclei Cloud Misconfiguration Scan
--------------------------------------------
[✓] Nuclei cloud findings:        0

[*] STEP 7: GitHub Dork URLs (open in browser)
--------------------------------------------
[✓] GitHub dork URLs saved to: notes/github_dorks.txt

============================================
 RECON COMPLETE — Tue Mar 17 20:25:32 EDT 2026
============================================

📁 Output directory: /Users/cliffordroberts/.openclaw/workspace/bugbounty/eternal/recon
📄 Log: /Users/cliffordroberts/.openclaw/workspace/bugbounty/eternal/logs/recon-20260317-193942.log

📊 Summary:
  Subdomains:      620
  Live hosts:      93
  S3 bucket hits:  4
  JS files found:  0

🔥 Next Steps:
  1. Review /Users/cliffordroberts/.openclaw/workspace/bugbounty/eternal/recon/alive/takeovers.txt for subdomain takeovers
  2. Review /Users/cliffordroberts/.openclaw/workspace/bugbounty/eternal/recon/cloud/s3_buckets.txt for public buckets
  3. Run gitleaks on JS files: scripts/scan_secrets.sh
  4. Open notes/github_dorks.txt and run each dork manually
  5. Review /Users/cliffordroberts/.openclaw/workspace/bugbounty/eternal/recon/cloud/nuclei_cloud.txt for misconfigs
